#
# A fatal error has been detected by the Java Runtime Environment:
#
#  SIGSEGV (0xb) at pc=0x00007f17f2024ea0, pid=14056, tid=14057
#
# JRE version: OpenJDK Runtime Environment (11.0.23+9) (build 11.0.23+9-post-Ubuntu-1ubuntu122.04.1)
# Java VM: OpenJDK 64-Bit Server VM (11.0.23+9-post-Ubuntu-1ubuntu122.04.1, mixed mode, sharing, tiered, compressed oops, g1 gc, linux-amd64)
# Problematic frame:
# C  [libLLVM-13.so+0xc24ea0]  LLVMConstIntGetSExtValue+0x0
#
# Core dump will be written. Default location: Core dumps may be processed with "/usr/share/apport/apport -p%p -s%s -c%c -d%d -P%P -u%u -g%g -- %E" (or dumping to /home/richard/Lab/core.14056)
#
# If you would like to submit a bug report, please visit:
#   https://bugs.launchpad.net/ubuntu/+source/openjdk-lts
# The crash happened outside the Java Virtual Machine in native code.
# See problematic frame for where to report the bug.
#

---------------  S U M M A R Y ------------

Command Line: -agentlib:jdwp=transport=dt_socket,address=127.0.0.1:55881,suspend=y,server=n -javaagent:/usr/local/IDEA/idea-IU-233.15026.9/plugins/java/lib/rt/debugger-agent.jar -Dfile.encoding=UTF-8 Main /home/richard/Lab/tests/test1.sysy /home/richard/Lab/tests/test.asm

Host: 13th Gen Intel(R) Core(TM) i5-13500HX, 8 cores, 3G, Ubuntu 22.04.4 LTS
Time: Wed Jul  3 23:10:25 2024 CST elapsed time: 25.832778 seconds (0d 0h 0m 25s)

---------------  T H R E A D  ---------------

Current thread (0x00007f1868018800):  JavaThread "main" [_thread_in_native, id=14057, stack(0x00007f1870500000,0x00007f1870600000)]

Stack: [0x00007f1870500000,0x00007f1870600000],  sp=0x00007f18705fe768,  free space=1017k
Native frames: (J=compiled Java code, A=aot compiled Java code, j=interpreted, Vv=VM code, C=native code)
C  [libLLVM-13.so+0xc24ea0]  LLVMConstIntGetSExtValue+0x0
j  AsmBuilder.operate()V+268
j  Main.main([Ljava/lang/String;)V+96
v  ~StubRoutines::call_stub
V  [libjvm.so+0x8775f3]  JavaCalls::call_helper(JavaValue*, methodHandle const&, JavaCallArguments*, Thread*)+0x373
V  [libjvm.so+0x8fb99a]  jni_invoke_static(JNIEnv_*, JavaValue*, _jobject*, JNICallType, _jmethodID*, JNI_ArgumentPusher*, Thread*) [clone .constprop.1]+0x2aa
V  [libjvm.so+0x8fe070]  jni_CallStaticVoidMethod+0x160
C  [libjli.so+0x59f1]  JavaMain+0xd71
C  [libjli.so+0x998d]  ThreadJavaMain+0xd

Java frames: (J=compiled Java code, j=interpreted, Vv=VM code)
j  org.bytedeco.llvm.global.LLVM.LLVMConstIntGetSExtValue(Lorg/bytedeco/llvm/LLVM/LLVMValueRef;)J+0
j  AsmBuilder.operate()V+268
j  Main.main([Ljava/lang/String;)V+96
v  ~StubRoutines::call_stub

siginfo: si_signo: 11 (SIGSEGV), si_code: 128 (SI_KERNEL), si_addr: 0x0000000000000000

Register to memory mapping:

RAX=0x62696c2f00000004 is an unknown value
RBX={method} {0x00007f1848e24a00} 'LLVMConstIntGetSExtValue' '(Lorg/bytedeco/llvm/LLVM/LLVMValueRef;)J' in 'org/bytedeco/llvm/global/LLVM'
RCX=0x000000084009e538 is a pointer to class: 
org.bytedeco.llvm.LLVM.LLVMValueRef {0x000000084009e538}
 - instance size:     6
 - klass size:        99
 - access:            public synchronized 
 - state:             fully_initialized
 - name:              'org/bytedeco/llvm/LLVM/LLVMValueRef'
 - super:             'org/bytedeco/javacpp/Pointer'
 - sub:               
 - arrays:            NULL
 - methods:           Array<T>(0x00007f1848e88bc0)
 - method ordering:   Array<T>(0x00007f1848e88d88)
 - default_methods:   Array<T>(0x0000000000000000)
 - local interfaces:  Array<T>(0x0000000800525c58)
 - trans. interfaces: Array<T>(0x00007f1848cf6008)
 - constants:         constant pool [27] {0x00007f1848e88a78} for 'org/bytedeco/llvm/LLVM/LLVMValueRef' cache=0x00007f1848e93a98
 - class loader data:  loader data: 0x00007f1868178b60 for instance a 'jdk/internal/loader/ClassLoaders$AppClassLoader'{0x00000000c75308a0}
 - host class:        NULL
 - source file:       'LLVMValueRef.java'
 - class annotations:       Array<T>(0x00007f1848e88d40)
 - class type annotations:  Array<T>(0x0000000000000000)
 - field annotations:       Array<T>(0x0000000000000000)
 - field type annotations:  Array<T>(0x0000000000000000)
 - inner classes:     Array<T>(0x0000000800526228)
 - nest members:     Array<T>(0x0000000800526228)
 - java mirror:       a 'java/lang/Class'{0x00000000c69d4d90} = 'org/bytedeco/llvm/LLVM/LLVMValueRef'
 - vtable length      35  (start addr: 0x000000084009e708)
 - itable length      5 (start addr: 0x000000084009e820)
 - ---- static fields (0 words):
 - ---- non-static fields (9 words):
 - private 'deallocator' 'Lorg/bytedeco/javacpp/Pointer$Deallocator;' @12 
 - protected 'address' 'J' @16 
 - protected 'position' 'J' @24 
 - protected 'limit' 'J' @32 
 - protected 'capacity' 'J' @40 
 - non-static oop maps: 12-12 
RDX=0x00000000c67d4f38 is an oop: org.bytedeco.llvm.LLVM.LLVMValueRef 
{0x00000000c67d4f38} - klass: 'org/bytedeco/llvm/LLVM/LLVMValueRef'
 - ---- fields (total size 6 words):
 - private 'deallocator' 'Lorg/bytedeco/javacpp/Pointer$Deallocator;' @12  NULL (0)
 - protected 'address' 'J' @16  7091318037390819332 (4 62696c2f)
 - protected 'position' 'J' @24  0 (0 0)
 - protected 'limit' 'J' @32  0 (0 0)
 - protected 'capacity' 'J' @40  0 (0 0)
RSP=0x00007f18705fe768 is pointing into the stack for thread: 0x00007f1868018800
RBP=0x00007f18705fe7c8 is pointing into the stack for thread: 0x00007f1868018800
RSI=0x00007f18704618d0: <offset 0x00000000012618d0> in /usr/lib/jvm/java-11-openjdk-amd64/lib/server/libjvm.so at 0x00007f186f200000
RDI=0x62696c2f00000004 is an unknown value
R8 =0x00007f1868018b50 points into unknown readable memory: 0x00007f1870446b40 | 40 6b 44 70 18 7f 00 00
R9 =0x0000000000000002 is an unknown value
R10=0x00007f18506154d4 is at code_begin+1652 in an Interpreter codelet
method entry point (kind = native)  [0x00007f1850614e60, 0x00007f1850615e60]  4096 bytes
R11=0x00000000c6cf16d0 points into unknown readable memory: 0x0000002c6a3f7701 | 01 77 3f 6a 2c 00 00 00
R12=0x0 is NULL
R13={method} {0x00007f1848e24a00} 'LLVMConstIntGetSExtValue' '(Lorg/bytedeco/llvm/LLVM/LLVMValueRef;)J' in 'org/bytedeco/llvm/global/LLVM'
R14=0x00007f18705fe7e8 is pointing into the stack for thread: 0x00007f1868018800
R15=0x00007f1868018800 is a thread


Registers:
RAX=0x62696c2f00000004, RBX=0x00007f1848e24a00, RCX=0x000000084009e538, RDX=0x00000000c67d4f38
RSP=0x00007f18705fe768, RBP=0x00007f18705fe7c8, RSI=0x00007f18704618d0, RDI=0x62696c2f00000004
R8 =0x00007f1868018b50, R9 =0x0000000000000002, R10=0x00007f18506154d4, R11=0x00000000c6cf16d0
R12=0x0000000000000000, R13=0x00007f1848e24a00, R14=0x00007f18705fe7e8, R15=0x00007f1868018800
RIP=0x00007f17f2024ea0, EFLAGS=0x0000000000010202, CSGSFS=0x002b000000000033, ERR=0x0000000000000000
  TRAPNO=0x000000000000000d

Top of Stack: (sp=0x00007f18705fe768)
0x00007f18705fe768:   00007f1850615503 00007f18705fe838
0x00007f18705fe778:   00007f1850615084 00007f18705fe780
0x00007f18705fe788:   00007f1848e24a00 00007f18705fe7e8
0x00007f18705fe798:   00007f1848e72250 0000000000000000 

Instructions: (pc=0x00007f17f2024ea0)
0x00007f17f2024da0:   6c 24 10 c1 ee 08 48 89 ef e8 b2 41 e5 ff 48 8b
0x00007f17f2024db0:   3b 48 89 ee e8 a7 b7 fe ff 83 7c 24 18 40 76 19
0x00007f17f2024dc0:   48 8b 7c 24 10 48 85 ff 74 0f 48 89 44 24 08 e8
0x00007f17f2024dd0:   bc 18 d0 ff 48 8b 44 24 08 48 83 c4 28 5b 5d c3
0x00007f17f2024de0:   41 55 44 0f b6 ea 31 d2 41 54 49 89 fc 55 48 89
0x00007f17f2024df0:   f5 48 85 f6 74 0b 48 89 f7 e8 e2 18 d0 ff 48 89
0x00007f17f2024e00:   c2 44 89 e9 48 89 ee 4c 89 e7 5d 41 5c 41 5d e9
0x00007f17f2024e10:   6c ba fe ff 66 2e 0f 1f 84 00 00 00 00 00 66 90
0x00007f17f2024e20:   89 d2 0f b6 c9 e9 56 ba fe ff 66 0f 1f 44 00 00
0x00007f17f2024e30:   e9 4b 80 ff ff 66 2e 0f 1f 84 00 00 00 00 00 90
0x00007f17f2024e40:   41 54 31 d2 49 89 fc 55 48 89 f5 48 83 ec 08 48
0x00007f17f2024e50:   85 f6 74 0b 48 89 f7 e8 84 18 d0 ff 48 89 c2 48
0x00007f17f2024e60:   83 c4 08 48 89 ee 4c 89 e7 5d 41 5c e9 7f 7e ff
0x00007f17f2024e70:   ff 66 2e 0f 1f 84 00 00 00 00 00 0f 1f 44 00 00
0x00007f17f2024e80:   89 d2 e9 69 7e ff ff 66 0f 1f 84 00 00 00 00 00
0x00007f17f2024e90:   83 7f 20 40 48 8b 47 18 76 03 48 8b 00 c3 66 90
0x00007f17f2024ea0:   8b 57 20 48 8b 47 18 83 fa 40 77 14 b9 40 00 00
0x00007f17f2024eb0:   00 29 d1 48 d3 e0 48 d3 f8 c3 66 0f 1f 44 00 00
0x00007f17f2024ec0:   48 8b 00 c3 66 2e 0f 1f 84 00 00 00 00 00 66 90
0x00007f17f2024ed0:   41 56 41 55 41 54 55 48 89 f5 53 48 83 ec 40 48
0x00007f17f2024ee0:   8b 07 80 78 08 03 77 20 c7 06 00 00 00 00 48 83
0x00007f17f2024ef0:   c7 18 e8 09 fc e4 ff 48 83 c4 40 5b 5d 41 5c 41
0x00007f17f2024f00:   5d 41 5e c3 0f 1f 40 00 48 89 7c 24 08 4c 8d 74
0x00007f17f2024f10:   24 28 e8 d9 3a e4 ff 48 8b 7c 24 08 49 89 c4 48
0x00007f17f2024f20:   39 47 20 48 8d 77 20 4c 89 f7 0f 84 c8 00 00 00
0x00007f17f2024f30:   e8 fb 45 e4 ff e8 76 3a e4 ff 4c 8d 6c 24 20 48
0x00007f17f2024f40:   8d 4c 24 1f ba 01 00 00 00 4c 89 ef 48 89 c6 e8
0x00007f17f2024f50:   1c f7 e4 ff 0f b6 44 24 1f 4c 89 ef 89 45 00 e8
0x00007f17f2024f60:   9c fb e4 ff 4c 39 64 24 28 74 1d 4c 89 f7 f2 0f
0x00007f17f2024f70:   11 44 24 08 e8 97 46 e4 ff f2 0f 10 44 24 08 e9
0x00007f17f2024f80:   73 ff ff ff 0f 1f 40 00 48 8b 6c 24 30 48 85 ed
0x00007f17f2024f90:   0f 84 61 ff ff ff 48 8b 75 f8 48 c1 e6 05 48 8d 


Stack slot to memory mapping:
stack at sp + 0 slots: 0x00007f1850615503 is at code_begin+1699 in an Interpreter codelet
method entry point (kind = native)  [0x00007f1850614e60, 0x00007f1850615e60]  4096 bytes
stack at sp + 1 slots: 0x00007f18705fe838 is pointing into the stack for thread: 0x00007f1868018800
stack at sp + 2 slots: 0x00007f1850615084 is at code_begin+548 in an Interpreter codelet
method entry point (kind = native)  [0x00007f1850614e60, 0x00007f1850615e60]  4096 bytes
stack at sp + 3 slots: 0x00007f18705fe780 is pointing into the stack for thread: 0x00007f1868018800
stack at sp + 4 slots: {method} {0x00007f1848e24a00} 'LLVMConstIntGetSExtValue' '(Lorg/bytedeco/llvm/LLVM/LLVMValueRef;)J' in 'org/bytedeco/llvm/global/LLVM'
stack at sp + 5 slots: 0x00007f18705fe7e8 is pointing into the stack for thread: 0x00007f1868018800
stack at sp + 6 slots: 0x00007f1848e72250 is pointing into metadata
stack at sp + 7 slots: 0x0 is NULL


---------------  P R O C E S S  ---------------

Threads class SMR info:
_java_thread_list=0x00007f1868251500, length=13, elements={
0x00007f1868018800, 0x00007f186813d000, 0x00007f186813f800, 0x00007f1868143800,
0x00007f1868145800, 0x00007f1868148000, 0x00007f186814a000, 0x00007f186814c000,
0x00007f1868171800, 0x00007f18681cb000, 0x00007f18681cf000, 0x00007f1808001800,
0x00007f1868250000
}

Java Threads: ( => current thread )
=>0x00007f1868018800 JavaThread "main" [_thread_in_native, id=14057, stack(0x00007f1870500000,0x00007f1870600000)]
  0x00007f186813d000 JavaThread "Reference Handler" daemon [_thread_blocked, id=14064, stack(0x00007f18486df000,0x00007f18487df000)]
  0x00007f186813f800 JavaThread "Finalizer" daemon [_thread_blocked, id=14065, stack(0x00007f18485df000,0x00007f18486df000)]
  0x00007f1868143800 JavaThread "Signal Dispatcher" daemon [_thread_blocked, id=14066, stack(0x00007f18484df000,0x00007f18485df000)]
  0x00007f1868145800 JavaThread "Service Thread" daemon [_thread_blocked, id=14067, stack(0x00007f18483df000,0x00007f18484df000)]
  0x00007f1868148000 JavaThread "C2 CompilerThread0" daemon [_thread_blocked, id=14068, stack(0x00007f18482df000,0x00007f18483df000)]
  0x00007f186814a000 JavaThread "C1 CompilerThread0" daemon [_thread_blocked, id=14069, stack(0x00007f18481df000,0x00007f18482df000)]
  0x00007f186814c000 JavaThread "Sweeper thread" daemon [_thread_blocked, id=14070, stack(0x00007f18480df000,0x00007f18481df000)]
  0x00007f1868171800 JavaThread "Common-Cleaner" daemon [_thread_blocked, id=14071, stack(0x00007f181bf00000,0x00007f181c000000)]
  0x00007f18681cb000 JavaThread "JDWP Transport Listener: dt_socket" daemon [_thread_blocked, id=14072, stack(0x00007f181be00000,0x00007f181bf00000)]
  0x00007f18681cf000 JavaThread "JDWP Event Helper Thread" daemon [_thread_blocked, id=14074, stack(0x00007f181bd00000,0x00007f181be00000)]
  0x00007f1808001800 JavaThread "JDWP Command Reader" daemon [_thread_in_native, id=14076, stack(0x00007f181bc00000,0x00007f181bd00000)]
  0x00007f1868250000 JavaThread "JavaCPP Deallocator" daemon [_thread_blocked, id=14084, stack(0x00007f181b9ff000,0x00007f181baff000)]

Other Threads:
  0x00007f186813a800 VMThread "VM Thread" [stack: 0x00007f18487e0000,0x00007f18488e0000] [id=14063]
  0x00007f18681e0800 WatcherThread [stack: 0x00007f181bb00000,0x00007f181bc00000] [id=14083]
  0x00007f1868033000 GCTaskThread "GC Thread#0" [stack: 0x00007f186e300000,0x00007f186e400000] [id=14058]
  0x00007f186804e000 ConcurrentGCThread "G1 Main Marker" [stack: 0x00007f186c52b000,0x00007f186c62b000] [id=14059]
  0x00007f1868050000 ConcurrentGCThread "G1 Conc#0" [stack: 0x00007f186c42a000,0x00007f186c52a000] [id=14060]
  0x00007f18680a4800 ConcurrentGCThread "G1 Refine#0" [stack: 0x00007f18501fd000,0x00007f18502fd000] [id=14061]
  0x00007f18680a6000 ConcurrentGCThread "G1 Young RemSet Sampling" [stack: 0x00007f18500fc000,0x00007f18501fc000] [id=14062]

Threads with active compile tasks:

VM state:not at safepoint (normal execution)

VM Mutex/Monitor currently owned by a thread: None

Heap address: 0x00000000c3800000, size: 968 MB, Compressed Oops mode: 32-bit
Narrow klass base: 0x0000000800000000, Narrow klass shift: 3
Compressed class space size: 1073741824 Address: 0x0000000840000000

Heap:
 garbage-first heap   total 65536K, used 15056K [0x00000000c3800000, 0x0000000100000000)
  region size 1024K, 15 young (15360K), 0 survivors (0K)
 Metaspace       used 3921K, capacity 6631K, committed 6912K, reserved 1056768K
  class space    used 434K, capacity 722K, committed 768K, reserved 1048576K
Heap Regions: E=young(eden), S=young(survivor), O=old, HS=humongous(starts), HC=humongous(continues), CS=collection set, F=free, A=archive, TAMS=top-at-mark-start (previous, next)
|   0|0x00000000c3800000, 0x00000000c3800000, 0x00000000c3900000|  0%| F|  |TAMS 0x00000000c3800000, 0x00000000c3800000| Untracked 
|   1|0x00000000c3900000, 0x00000000c3900000, 0x00000000c3a00000|  0%| F|  |TAMS 0x00000000c3900000, 0x00000000c3900000| Untracked 
|   2|0x00000000c3a00000, 0x00000000c3a00000, 0x00000000c3b00000|  0%| F|  |TAMS 0x00000000c3a00000, 0x00000000c3a00000| Untracked 
|   3|0x00000000c3b00000, 0x00000000c3b00000, 0x00000000c3c00000|  0%| F|  |TAMS 0x00000000c3b00000, 0x00000000c3b00000| Untracked 
|   4|0x00000000c3c00000, 0x00000000c3c00000, 0x00000000c3d00000|  0%| F|  |TAMS 0x00000000c3c00000, 0x00000000c3c00000| Untracked 
|   5|0x00000000c3d00000, 0x00000000c3d00000, 0x00000000c3e00000|  0%| F|  |TAMS 0x00000000c3d00000, 0x00000000c3d00000| Untracked 
|   6|0x00000000c3e00000, 0x00000000c3e00000, 0x00000000c3f00000|  0%| F|  |TAMS 0x00000000c3e00000, 0x00000000c3e00000| Untracked 
|   7|0x00000000c3f00000, 0x00000000c3f00000, 0x00000000c4000000|  0%| F|  |TAMS 0x00000000c3f00000, 0x00000000c3f00000| Untracked 
|   8|0x00000000c4000000, 0x00000000c4000000, 0x00000000c4100000|  0%| F|  |TAMS 0x00000000c4000000, 0x00000000c4000000| Untracked 
|   9|0x00000000c4100000, 0x00000000c4100000, 0x00000000c4200000|  0%| F|  |TAMS 0x00000000c4100000, 0x00000000c4100000| Untracked 
|  10|0x00000000c4200000, 0x00000000c4200000, 0x00000000c4300000|  0%| F|  |TAMS 0x00000000c4200000, 0x00000000c4200000| Untracked 
|  11|0x00000000c4300000, 0x00000000c4300000, 0x00000000c4400000|  0%| F|  |TAMS 0x00000000c4300000, 0x00000000c4300000| Untracked 
|  12|0x00000000c4400000, 0x00000000c4400000, 0x00000000c4500000|  0%| F|  |TAMS 0x00000000c4400000, 0x00000000c4400000| Untracked 
|  13|0x00000000c4500000, 0x00000000c4500000, 0x00000000c4600000|  0%| F|  |TAMS 0x00000000c4500000, 0x00000000c4500000| Untracked 
|  14|0x00000000c4600000, 0x00000000c4600000, 0x00000000c4700000|  0%| F|  |TAMS 0x00000000c4600000, 0x00000000c4600000| Untracked 
|  15|0x00000000c4700000, 0x00000000c4700000, 0x00000000c4800000|  0%| F|  |TAMS 0x00000000c4700000, 0x00000000c4700000| Untracked 
|  16|0x00000000c4800000, 0x00000000c4800000, 0x00000000c4900000|  0%| F|  |TAMS 0x00000000c4800000, 0x00000000c4800000| Untracked 
|  17|0x00000000c4900000, 0x00000000c4900000, 0x00000000c4a00000|  0%| F|  |TAMS 0x00000000c4900000, 0x00000000c4900000| Untracked 
|  18|0x00000000c4a00000, 0x00000000c4a00000, 0x00000000c4b00000|  0%| F|  |TAMS 0x00000000c4a00000, 0x00000000c4a00000| Untracked 
|  19|0x00000000c4b00000, 0x00000000c4b00000, 0x00000000c4c00000|  0%| F|  |TAMS 0x00000000c4b00000, 0x00000000c4b00000| Untracked 
|  20|0x00000000c4c00000, 0x00000000c4c00000, 0x00000000c4d00000|  0%| F|  |TAMS 0x00000000c4c00000, 0x00000000c4c00000| Untracked 
|  21|0x00000000c4d00000, 0x00000000c4d00000, 0x00000000c4e00000|  0%| F|  |TAMS 0x00000000c4d00000, 0x00000000c4d00000| Untracked 
|  22|0x00000000c4e00000, 0x00000000c4e00000, 0x00000000c4f00000|  0%| F|  |TAMS 0x00000000c4e00000, 0x00000000c4e00000| Untracked 
|  23|0x00000000c4f00000, 0x00000000c4f00000, 0x00000000c5000000|  0%| F|  |TAMS 0x00000000c4f00000, 0x00000000c4f00000| Untracked 
|  24|0x00000000c5000000, 0x00000000c5000000, 0x00000000c5100000|  0%| F|  |TAMS 0x00000000c5000000, 0x00000000c5000000| Untracked 
|  25|0x00000000c5100000, 0x00000000c5100000, 0x00000000c5200000|  0%| F|  |TAMS 0x00000000c5100000, 0x00000000c5100000| Untracked 
|  26|0x00000000c5200000, 0x00000000c5200000, 0x00000000c5300000|  0%| F|  |TAMS 0x00000000c5200000, 0x00000000c5200000| Untracked 
|  27|0x00000000c5300000, 0x00000000c5300000, 0x00000000c5400000|  0%| F|  |TAMS 0x00000000c5300000, 0x00000000c5300000| Untracked 
|  28|0x00000000c5400000, 0x00000000c5400000, 0x00000000c5500000|  0%| F|  |TAMS 0x00000000c5400000, 0x00000000c5400000| Untracked 
|  29|0x00000000c5500000, 0x00000000c5500000, 0x00000000c5600000|  0%| F|  |TAMS 0x00000000c5500000, 0x00000000c5500000| Untracked 
|  30|0x00000000c5600000, 0x00000000c5600000, 0x00000000c5700000|  0%| F|  |TAMS 0x00000000c5600000, 0x00000000c5600000| Untracked 
|  31|0x00000000c5700000, 0x00000000c5700000, 0x00000000c5800000|  0%| F|  |TAMS 0x00000000c5700000, 0x00000000c5700000| Untracked 
|  32|0x00000000c5800000, 0x00000000c5800000, 0x00000000c5900000|  0%| F|  |TAMS 0x00000000c5800000, 0x00000000c5800000| Untracked 
|  33|0x00000000c5900000, 0x00000000c5900000, 0x00000000c5a00000|  0%| F|  |TAMS 0x00000000c5900000, 0x00000000c5900000| Untracked 
|  34|0x00000000c5a00000, 0x00000000c5a00000, 0x00000000c5b00000|  0%| F|  |TAMS 0x00000000c5a00000, 0x00000000c5a00000| Untracked 
|  35|0x00000000c5b00000, 0x00000000c5b00000, 0x00000000c5c00000|  0%| F|  |TAMS 0x00000000c5b00000, 0x00000000c5b00000| Untracked 
|  36|0x00000000c5c00000, 0x00000000c5c00000, 0x00000000c5d00000|  0%| F|  |TAMS 0x00000000c5c00000, 0x00000000c5c00000| Untracked 
|  37|0x00000000c5d00000, 0x00000000c5d00000, 0x00000000c5e00000|  0%| F|  |TAMS 0x00000000c5d00000, 0x00000000c5d00000| Untracked 
|  38|0x00000000c5e00000, 0x00000000c5e00000, 0x00000000c5f00000|  0%| F|  |TAMS 0x00000000c5e00000, 0x00000000c5e00000| Untracked 
|  39|0x00000000c5f00000, 0x00000000c5f00000, 0x00000000c6000000|  0%| F|  |TAMS 0x00000000c5f00000, 0x00000000c5f00000| Untracked 
|  40|0x00000000c6000000, 0x00000000c6000000, 0x00000000c6100000|  0%| F|  |TAMS 0x00000000c6000000, 0x00000000c6000000| Untracked 
|  41|0x00000000c6100000, 0x00000000c6100000, 0x00000000c6200000|  0%| F|  |TAMS 0x00000000c6100000, 0x00000000c6100000| Untracked 
|  42|0x00000000c6200000, 0x00000000c6200000, 0x00000000c6300000|  0%| F|  |TAMS 0x00000000c6200000, 0x00000000c6200000| Untracked 
|  43|0x00000000c6300000, 0x00000000c6300000, 0x00000000c6400000|  0%| F|  |TAMS 0x00000000c6300000, 0x00000000c6300000| Untracked 
|  44|0x00000000c6400000, 0x00000000c6400000, 0x00000000c6500000|  0%| F|  |TAMS 0x00000000c6400000, 0x00000000c6400000| Untracked 
|  45|0x00000000c6500000, 0x00000000c6500000, 0x00000000c6600000|  0%| F|  |TAMS 0x00000000c6500000, 0x00000000c6500000| Untracked 
|  46|0x00000000c6600000, 0x00000000c6600000, 0x00000000c6700000|  0%| F|  |TAMS 0x00000000c6600000, 0x00000000c6600000| Untracked 
|  47|0x00000000c6700000, 0x00000000c67f64a8, 0x00000000c6800000| 96%| E|  |TAMS 0x00000000c6700000, 0x00000000c6700000| Complete 
|  48|0x00000000c6800000, 0x00000000c6900000, 0x00000000c6900000|100%| E|CS|TAMS 0x00000000c6800000, 0x00000000c6800000| Complete 
|  49|0x00000000c6900000, 0x00000000c6a00000, 0x00000000c6a00000|100%| E|CS|TAMS 0x00000000c6900000, 0x00000000c6900000| Complete 
|  50|0x00000000c6a00000, 0x00000000c6b00000, 0x00000000c6b00000|100%| E|CS|TAMS 0x00000000c6a00000, 0x00000000c6a00000| Complete 
|  51|0x00000000c6b00000, 0x00000000c6c00000, 0x00000000c6c00000|100%| E|CS|TAMS 0x00000000c6b00000, 0x00000000c6b00000| Complete 
|  52|0x00000000c6c00000, 0x00000000c6d00000, 0x00000000c6d00000|100%| E|CS|TAMS 0x00000000c6c00000, 0x00000000c6c00000| Complete 
|  53|0x00000000c6d00000, 0x00000000c6e00000, 0x00000000c6e00000|100%| E|CS|TAMS 0x00000000c6d00000, 0x00000000c6d00000| Complete 
|  54|0x00000000c6e00000, 0x00000000c6f00000, 0x00000000c6f00000|100%| E|CS|TAMS 0x00000000c6e00000, 0x00000000c6e00000| Complete 
|  55|0x00000000c6f00000, 0x00000000c7000000, 0x00000000c7000000|100%| E|CS|TAMS 0x00000000c6f00000, 0x00000000c6f00000| Complete 
|  56|0x00000000c7000000, 0x00000000c7100000, 0x00000000c7100000|100%| E|CS|TAMS 0x00000000c7000000, 0x00000000c7000000| Complete 
|  57|0x00000000c7100000, 0x00000000c7200000, 0x00000000c7200000|100%| E|CS|TAMS 0x00000000c7100000, 0x00000000c7100000| Complete 
|  58|0x00000000c7200000, 0x00000000c7300000, 0x00000000c7300000|100%| E|CS|TAMS 0x00000000c7200000, 0x00000000c7200000| Complete 
|  59|0x00000000c7300000, 0x00000000c7400000, 0x00000000c7400000|100%| E|CS|TAMS 0x00000000c7300000, 0x00000000c7300000| Complete 
|  60|0x00000000c7400000, 0x00000000c7500000, 0x00000000c7500000|100%| E|CS|TAMS 0x00000000c7400000, 0x00000000c7400000| Complete 
|  61|0x00000000c7500000, 0x00000000c7600000, 0x00000000c7600000|100%| E|CS|TAMS 0x00000000c7500000, 0x00000000c7500000| Complete 
| 966|0x00000000ffe00000, 0x00000000ffe48000, 0x00000000fff00000| 28%|OA|  |TAMS 0x00000000ffe00000, 0x00000000ffe00000| Untracked 
| 967|0x00000000fff00000, 0x00000000fff6c000, 0x0000000100000000| 42%|CA|  |TAMS 0x00000000fff00000, 0x00000000fff00000| Untracked 

Card table byte_map: [0x00007f186d72f000,0x00007f186d913000] _byte_map_base: 0x00007f186d113000

Marking Bits (Prev, Next): (CMBitMap*) 0x00007f18680497e8, (CMBitMap*) 0x00007f1868049820
 Prev Bits: [0x00007f186c62b000, 0x00007f186d54b000)
 Next Bits: [0x00007f184b0e0000, 0x00007f184c000000)

Polling page: 0x00007f18709b3000

Metaspace:

Usage:
  Non-class:      5.77 MB capacity,     3.41 MB ( 59%) used,     2.36 MB ( 41%) free+waste,    10.25 KB ( <1%) overhead. 
      Class:    722.00 KB capacity,   434.73 KB ( 60%) used,   281.84 KB ( 39%) free+waste,     5.44 KB ( <1%) overhead. 
       Both:      6.48 MB capacity,     3.83 MB ( 59%) used,     2.63 MB ( 41%) free+waste,    15.69 KB ( <1%) overhead. 

Virtual space:
  Non-class space:        8.00 MB reserved,       6.00 MB ( 75%) committed 
      Class space:        1.00 GB reserved,     768.00 KB ( <1%) committed 
             Both:        1.01 GB reserved,       6.75 MB ( <1%) committed 

Chunk freelists:
   Non-Class:  0 bytes
       Class:  0 bytes
        Both:  0 bytes

MaxMetaspaceSize: unlimited
CompressedClassSpaceSize: 1.00 GB
Initial GC threshold: 20.80 MB
Current GC threshold: 20.80 MB
CDS: on

CodeHeap 'non-profiled nmethods': size=120032Kb used=259Kb max_used=259Kb free=119772Kb
 bounds [0x00007f18580c8000, 0x00007f1858338000, 0x00007f185f600000]
CodeHeap 'profiled nmethods': size=120028Kb used=1433Kb max_used=1433Kb free=118594Kb
 bounds [0x00007f1850b91000, 0x00007f1850e01000, 0x00007f18580c8000]
CodeHeap 'non-nmethods': size=5700Kb used=1219Kb max_used=1232Kb free=4480Kb
 bounds [0x00007f1850600000, 0x00007f1850870000, 0x00007f1850b91000]
 total_blobs=1223 nmethods=810 adapters=335
 compilation: enabled
              stopped_count=0, restarted_count=0
 full_count=0

Compilation events (20 events):
Event: 0.609 Thread 0x00007f186814a000 nmethod 801 0x00007f1850cf3b10 code [0x00007f1850cf3cc0, 0x00007f1850cf3e20]
Event: 0.609 Thread 0x00007f186814a000  797       3       java.lang.invoke.MethodType::methodType (9 bytes)
Event: 0.609 Thread 0x00007f186814a000 nmethod 797 0x00007f1850cf3f10 code [0x00007f1850cf40c0, 0x00007f1850cf41e0]
Event: 0.609 Thread 0x00007f186814a000  799       3       java.util.ImmutableCollections$ListItr::hasNext (17 bytes)
Event: 0.609 Thread 0x00007f186814a000 nmethod 799 0x00007f1850cf4290 code [0x00007f1850cf4440, 0x00007f1850cf45b0]
Event: 0.609 Thread 0x00007f186814a000  795       3       jdk.internal.org.objectweb.asm.MethodWriter::visitMethodInsn (228 bytes)
Event: 0.609 Thread 0x00007f186814a000 nmethod 795 0x00007f1850cf4610 code [0x00007f1850cf4840, 0x00007f1850cf4e80]
Event: 0.609 Thread 0x00007f1868148000 nmethod 789 0x00007f1858107810 code [0x00007f18581079c0, 0x00007f1858107ef8]
Event: 0.609 Thread 0x00007f186814a000  808       3       java.lang.invoke.LambdaForm$Name::internArguments (59 bytes)
Event: 0.609 Thread 0x00007f1868148000  807       4       java.lang.StringBuilder::toString (35 bytes)
Event: 0.610 Thread 0x00007f186814a000 nmethod 808 0x00007f1850cf5190 code [0x00007f1850cf5380, 0x00007f1850cf5ac0]
Event: 0.610 Thread 0x00007f186814a000  804       3       jdk.internal.org.objectweb.asm.MethodWriter::visitFieldInsn (256 bytes)
Event: 0.610 Thread 0x00007f186814a000 nmethod 804 0x00007f1850cf5c90 code [0x00007f1850cf5f00, 0x00007f1850cf6a40]
Event: 0.610 Thread 0x00007f186814a000  809       3       java.lang.invoke.MethodType::toMethodDescriptorString (28 bytes)
Event: 0.610 Thread 0x00007f186814a000 nmethod 809 0x00007f1850cf6e90 code [0x00007f1850cf7040, 0x00007f1850cf7240]
Event: 0.610 Thread 0x00007f186814a000  810       3       java.lang.invoke.DirectMethodHandle::internalMemberName (8 bytes)
Event: 0.610 Thread 0x00007f186814a000 nmethod 810 0x00007f1850cf7310 code [0x00007f1850cf74c0, 0x00007f1850cf76b0]
Event: 0.612 Thread 0x00007f1868148000 nmethod 807 0x00007f1858108210 code [0x00007f18581083c0, 0x00007f18581087b8]
Event: 0.612 Thread 0x00007f1868148000  802       4       java.util.ImmutableCollections$ListN::size (6 bytes)
Event: 0.612 Thread 0x00007f1868148000 nmethod 802 0x00007f1858108a10 code [0x00007f1858108ba0, 0x00007f1858108c38]

GC Heap History (0 events):
No events

Deoptimization events (20 events):
Event: 0.542 Thread 0x00007f1868018800 DEOPT PACKING pc=0x00007f1850c0f07e sp=0x00007f18705fd490
Event: 0.542 Thread 0x00007f1868018800 DEOPT UNPACKING pc=0x00007f185064a64a sp=0x00007f18705fc930 mode 0
Event: 0.557 Thread 0x00007f1868018800 DEOPT PACKING pc=0x00007f1850c0dd0a sp=0x00007f18705fd460
Event: 0.557 Thread 0x00007f1868018800 DEOPT UNPACKING pc=0x00007f185064a64a sp=0x00007f18705fc908 mode 0
Event: 0.583 Thread 0x00007f1868018800 Uncommon trap: trap_request=0xffffffc6 fr.pc=0x00007f18580d2724 relative=0x0000000000000084
Event: 0.584 Thread 0x00007f1868018800 Uncommon trap: reason=bimorphic_or_optimized_type_check action=maybe_recompile pc=0x00007f18580d2724 method=java.util.AbstractCollection.isEmpty()Z @ 1 c2
Event: 0.584 Thread 0x00007f1868018800 DEOPT PACKING pc=0x00007f18580d2724 sp=0x00007f18705fd2a0
Event: 0.584 Thread 0x00007f1868018800 DEOPT UNPACKING pc=0x00007f1850649ea5 sp=0x00007f18705fd260 mode 2
Event: 0.584 Thread 0x00007f1868018800 Uncommon trap: trap_request=0xffffffc6 fr.pc=0x00007f18580d2724 relative=0x0000000000000084
Event: 0.584 Thread 0x00007f1868018800 Uncommon trap: reason=bimorphic_or_optimized_type_check action=maybe_recompile pc=0x00007f18580d2724 method=java.util.AbstractCollection.isEmpty()Z @ 1 c2
Event: 0.584 Thread 0x00007f1868018800 DEOPT PACKING pc=0x00007f18580d2724 sp=0x00007f18705fd470
Event: 0.584 Thread 0x00007f1868018800 DEOPT UNPACKING pc=0x00007f1850649ea5 sp=0x00007f18705fd430 mode 2
Event: 0.584 Thread 0x00007f1868018800 Uncommon trap: trap_request=0xffffffc6 fr.pc=0x00007f18580d2724 relative=0x0000000000000084
Event: 0.584 Thread 0x00007f1868018800 Uncommon trap: reason=bimorphic_or_optimized_type_check action=maybe_recompile pc=0x00007f18580d2724 method=java.util.AbstractCollection.isEmpty()Z @ 1 c2
Event: 0.584 Thread 0x00007f1868018800 DEOPT PACKING pc=0x00007f18580d2724 sp=0x00007f18705fd490
Event: 0.584 Thread 0x00007f1868018800 DEOPT UNPACKING pc=0x00007f1850649ea5 sp=0x00007f18705fd450 mode 2
Event: 0.585 Thread 0x00007f1868018800 Uncommon trap: trap_request=0xffffffc6 fr.pc=0x00007f18580d2724 relative=0x0000000000000084
Event: 0.585 Thread 0x00007f1868018800 Uncommon trap: reason=bimorphic_or_optimized_type_check action=maybe_recompile pc=0x00007f18580d2724 method=java.util.AbstractCollection.isEmpty()Z @ 1 c2
Event: 0.585 Thread 0x00007f1868018800 DEOPT PACKING pc=0x00007f18580d2724 sp=0x00007f18705fd2a0
Event: 0.585 Thread 0x00007f1868018800 DEOPT UNPACKING pc=0x00007f1850649ea5 sp=0x00007f18705fd260 mode 2

Classes redefined (0 events):
No events

Internal exceptions (20 events):
Event: 0.541 Thread 0x00007f1868018800 Exception <a 'java/security/PrivilegedActionException'{0x00000000c6ba2f08}> (0x00000000c6ba2f08) thrown at [./src/hotspot/share/prims/jvm.cpp, line 1304]
Event: 0.541 Thread 0x00007f1868018800 Exception <a 'java/security/PrivilegedActionException'{0x00000000c6ba31d8}> (0x00000000c6ba31d8) thrown at [./src/hotspot/share/prims/jvm.cpp, line 1304]
Event: 0.541 Thread 0x00007f1868018800 Exception <a 'java/security/PrivilegedActionException'{0x00000000c6ba3b60}> (0x00000000c6ba3b60) thrown at [./src/hotspot/share/prims/jvm.cpp, line 1304]
Event: 0.541 Thread 0x00007f1868018800 Exception <a 'java/security/PrivilegedActionException'{0x00000000c6ba3e30}> (0x00000000c6ba3e30) thrown at [./src/hotspot/share/prims/jvm.cpp, line 1304]
Event: 0.541 Thread 0x00007f1868018800 Exception <a 'java/security/PrivilegedActionException'{0x00000000c6ba47a0}> (0x00000000c6ba47a0) thrown at [./src/hotspot/share/prims/jvm.cpp, line 1304]
Event: 0.541 Thread 0x00007f1868018800 Exception <a 'java/security/PrivilegedActionException'{0x00000000c6ba4a70}> (0x00000000c6ba4a70) thrown at [./src/hotspot/share/prims/jvm.cpp, line 1304]
Event: 0.541 Thread 0x00007f1868018800 Exception <a 'java/security/PrivilegedActionException'{0x00000000c6ba53e0}> (0x00000000c6ba53e0) thrown at [./src/hotspot/share/prims/jvm.cpp, line 1304]
Event: 0.541 Thread 0x00007f1868018800 Exception <a 'java/security/PrivilegedActionException'{0x00000000c6ba56b0}> (0x00000000c6ba56b0) thrown at [./src/hotspot/share/prims/jvm.cpp, line 1304]
Event: 0.541 Thread 0x00007f1868018800 Exception <a 'java/security/PrivilegedActionException'{0x00000000c6ba6038}> (0x00000000c6ba6038) thrown at [./src/hotspot/share/prims/jvm.cpp, line 1304]
Event: 0.541 Thread 0x00007f1868018800 Exception <a 'java/security/PrivilegedActionException'{0x00000000c6ba6308}> (0x00000000c6ba6308) thrown at [./src/hotspot/share/prims/jvm.cpp, line 1304]
Event: 0.541 Thread 0x00007f1868018800 Exception <a 'java/security/PrivilegedActionException'{0x00000000c6ba6c90}> (0x00000000c6ba6c90) thrown at [./src/hotspot/share/prims/jvm.cpp, line 1304]
Event: 0.541 Thread 0x00007f1868018800 Exception <a 'java/security/PrivilegedActionException'{0x00000000c6ba6f60}> (0x00000000c6ba6f60) thrown at [./src/hotspot/share/prims/jvm.cpp, line 1304]
Event: 0.541 Thread 0x00007f1868018800 Exception <a 'java/security/PrivilegedActionException'{0x00000000c6ba78e8}> (0x00000000c6ba78e8) thrown at [./src/hotspot/share/prims/jvm.cpp, line 1304]
Event: 0.541 Thread 0x00007f1868018800 Exception <a 'java/security/PrivilegedActionException'{0x00000000c6ba7bb8}> (0x00000000c6ba7bb8) thrown at [./src/hotspot/share/prims/jvm.cpp, line 1304]
Event: 0.541 Thread 0x00007f1868018800 Exception <a 'java/security/PrivilegedActionException'{0x00000000c6ba8528}> (0x00000000c6ba8528) thrown at [./src/hotspot/share/prims/jvm.cpp, line 1304]
Event: 0.541 Thread 0x00007f1868018800 Exception <a 'java/security/PrivilegedActionException'{0x00000000c6ba87f8}> (0x00000000c6ba87f8) thrown at [./src/hotspot/share/prims/jvm.cpp, line 1304]
Event: 0.541 Thread 0x00007f1868018800 Exception <a 'java/security/PrivilegedActionException'{0x00000000c6ba9180}> (0x00000000c6ba9180) thrown at [./src/hotspot/share/prims/jvm.cpp, line 1304]
Event: 0.541 Thread 0x00007f1868018800 Exception <a 'java/security/PrivilegedActionException'{0x00000000c6ba9450}> (0x00000000c6ba9450) thrown at [./src/hotspot/share/prims/jvm.cpp, line 1304]
Event: 0.609 Thread 0x00007f1868018800 Exception <a 'java/lang/NoSuchMethodError'{0x00000000c67bb5b0}: 'java.lang.Object java.lang.invoke.DelegatingMethodHandle$Holder.reinvoke_L(java.lang.Object, java.lang.Object, long)'> (0x00000000c67bb5b0) thrown at [./src/hotspot/share/interpreter/linkResolver.cpp, line 772]
Event: 0.609 Thread 0x00007f1868018800 Exception <a 'java/lang/NoSuchMethodError'{0x00000000c67c1520}: 'java.lang.Object java.lang.invoke.Invokers$Holder.linkToTargetMethod(java.lang.Object, long, java.lang.Object)'> (0x00000000c67c1520) thrown at [./src/hotspot/share/interpreter/linkResolver.cpp, line 772]

Events (20 events):
Event: 24.656 Executing VM operation: GetOrSetLocal
Event: 24.656 Executing VM operation: GetOrSetLocal done
Event: 24.657 Executing VM operation: GetFrameLocation
Event: 24.657 Executing VM operation: GetFrameLocation done
Event: 24.657 Executing VM operation: GetOrSetLocal
Event: 24.657 Executing VM operation: GetOrSetLocal done
Event: 24.729 Executing VM operation: GetFrameCount
Event: 24.729 Executing VM operation: GetFrameCount done
Event: 24.730 Executing VM operation: GetStackTrace
Event: 24.730 Executing VM operation: GetStackTrace done
Event: 25.829 Executing VM operation: GetFrameCount
Event: 25.829 Executing VM operation: GetFrameCount done
Event: 25.829 Executing VM operation: SetFramePop
Event: 25.829 Executing VM operation: SetFramePop done
Event: 25.829 Executing VM operation: GetFrameLocation
Event: 25.829 Executing VM operation: GetFrameLocation done
Event: 25.829 Executing VM operation: GetCurrentLocation
Event: 25.829 Executing VM operation: GetCurrentLocation done
Event: 25.830 Executing VM operation: ChangeSingleStep
Event: 25.830 Executing VM operation: ChangeSingleStep done


Dynamic libraries:
c3800000-c7600000 rw-p 00000000 00:00 0 
c7600000-ffe00000 ---p 00000000 00:00 0 
ffe00000-ffe48000 rw-p 00b14000 08:03 792195                             /usr/lib/jvm/java-11-openjdk-amd64/lib/server/classes.jsa
ffe48000-fff00000 rw-p 00000000 00:00 0 
fff00000-fff6c000 rw-p 00aa8000 08:03 792195                             /usr/lib/jvm/java-11-openjdk-amd64/lib/server/classes.jsa
fff6c000-100000000 rw-p 00000000 00:00 0 
800000000-800002000 rwxp 00001000 08:03 792195                           /usr/lib/jvm/java-11-openjdk-amd64/lib/server/classes.jsa
800002000-800aa7000 rw-p 00003000 08:03 792195                           /usr/lib/jvm/java-11-openjdk-amd64/lib/server/classes.jsa
840000000-8400c0000 rw-p 00000000 00:00 0 
8400c0000-880000000 ---p 00000000 00:00 0 
5da3f78da000-5da3f78db000 r--p 00000000 08:03 792090                     /usr/lib/jvm/java-11-openjdk-amd64/bin/java
5da3f78db000-5da3f78dc000 r-xp 00001000 08:03 792090                     /usr/lib/jvm/java-11-openjdk-amd64/bin/java
5da3f78dc000-5da3f78dd000 r--p 00002000 08:03 792090                     /usr/lib/jvm/java-11-openjdk-amd64/bin/java
5da3f78dd000-5da3f78de000 r--p 00002000 08:03 792090                     /usr/lib/jvm/java-11-openjdk-amd64/bin/java
5da3f78de000-5da3f78df000 rw-p 00003000 08:03 792090                     /usr/lib/jvm/java-11-openjdk-amd64/bin/java
5da3f7c06000-5da3f7c27000 rw-p 00000000 00:00 0                          [heap]
7f17f1400000-7f17f1d26000 r--p 00000000 08:03 1480113                    /home/richard/.javacpp/cache/llvm-13.0.1-1.5.7-linux-x86_64.jar/org/bytedeco/llvm/linux-x86_64/libLLVM-13.so
7f17f1d26000-7f17f56e9000 r-xp 00926000 08:03 1480113                    /home/richard/.javacpp/cache/llvm-13.0.1-1.5.7-linux-x86_64.jar/org/bytedeco/llvm/linux-x86_64/libLLVM-13.so
7f17f56e9000-7f17f793e000 r--p 042e9000 08:03 1480113                    /home/richard/.javacpp/cache/llvm-13.0.1-1.5.7-linux-x86_64.jar/org/bytedeco/llvm/linux-x86_64/libLLVM-13.so
7f17f793e000-7f17f7e53000 r--p 0653d000 08:03 1480113                    /home/richard/.javacpp/cache/llvm-13.0.1-1.5.7-linux-x86_64.jar/org/bytedeco/llvm/linux-x86_64/libLLVM-13.so
7f17f7e53000-7f17f7e5e000 rw-p 06a52000 08:03 1480113                    /home/richard/.javacpp/cache/llvm-13.0.1-1.5.7-linux-x86_64.jar/org/bytedeco/llvm/linux-x86_64/libLLVM-13.so
7f17f7e5e000-7f17f7ed4000 rw-p 00000000 00:00 0 
7f17f8000000-7f17f8021000 rw-p 00000000 00:00 0 
7f17f8021000-7f17fc000000 ---p 00000000 00:00 0 
7f1800000000-7f1800021000 rw-p 00000000 00:00 0 
7f1800021000-7f1804000000 ---p 00000000 00:00 0 
7f1804000000-7f1804021000 rw-p 00000000 00:00 0 
7f1804021000-7f1808000000 ---p 00000000 00:00 0 
7f1808000000-7f1808028000 rw-p 00000000 00:00 0 
7f1808028000-7f180c000000 ---p 00000000 00:00 0 
7f180c000000-7f180c021000 rw-p 00000000 00:00 0 
7f180c021000-7f1810000000 ---p 00000000 00:00 0 
7f1810000000-7f1810021000 rw-p 00000000 00:00 0 
7f1810021000-7f1814000000 ---p 00000000 00:00 0 
7f1814000000-7f1814021000 rw-p 00000000 00:00 0 
7f1814021000-7f1818000000 ---p 00000000 00:00 0 
7f181b545000-7f181b8f9000 rw-p 00000000 00:00 0 
7f181b8f9000-7f181b95e000 r--p 00000000 08:03 1480118                    /home/richard/.javacpp/cache/llvm-13.0.1-1.5.7-linux-x86_64.jar/org/bytedeco/llvm/linux-x86_64/libjniLLVM.so
7f181b95e000-7f181b9cc000 r-xp 00065000 08:03 1480118                    /home/richard/.javacpp/cache/llvm-13.0.1-1.5.7-linux-x86_64.jar/org/bytedeco/llvm/linux-x86_64/libjniLLVM.so
7f181b9cc000-7f181b9f7000 r--p 000d3000 08:03 1480118                    /home/richard/.javacpp/cache/llvm-13.0.1-1.5.7-linux-x86_64.jar/org/bytedeco/llvm/linux-x86_64/libjniLLVM.so
7f181b9f7000-7f181b9fa000 r--p 000fd000 08:03 1480118                    /home/richard/.javacpp/cache/llvm-13.0.1-1.5.7-linux-x86_64.jar/org/bytedeco/llvm/linux-x86_64/libjniLLVM.so
7f181b9fa000-7f181b9fd000 rw-p 00100000 08:03 1480118                    /home/richard/.javacpp/cache/llvm-13.0.1-1.5.7-linux-x86_64.jar/org/bytedeco/llvm/linux-x86_64/libjniLLVM.so
7f181b9fd000-7f181b9ff000 rw-p 00000000 00:00 0 
7f181b9ff000-7f181ba03000 ---p 00000000 00:00 0 
7f181ba03000-7f181baff000 rw-p 00000000 00:00 0 
7f181baff000-7f181bb00000 ---p 00000000 00:00 0 
7f181bb00000-7f181bc00000 rw-p 00000000 00:00 0 
7f181bc00000-7f181bc04000 ---p 00000000 00:00 0 
7f181bc04000-7f181bd00000 rw-p 00000000 00:00 0 
7f181bd00000-7f181bd04000 ---p 00000000 00:00 0 
7f181bd04000-7f181be00000 rw-p 00000000 00:00 0 
7f181be00000-7f181be04000 ---p 00000000 00:00 0 
7f181be04000-7f181bf00000 rw-p 00000000 00:00 0 
7f181bf00000-7f181bf04000 ---p 00000000 00:00 0 
7f181bf04000-7f181c000000 rw-p 00000000 00:00 0 
7f181c000000-7f181c3c0000 rw-p 00000000 00:00 0 
7f181c3c0000-7f1820000000 ---p 00000000 00:00 0 
7f1820000000-7f18202a8000 rw-p 00000000 00:00 0 
7f18202a8000-7f1824000000 ---p 00000000 00:00 0 
7f1824000000-7f1824021000 rw-p 00000000 00:00 0 
7f1824021000-7f1828000000 ---p 00000000 00:00 0 
7f1828000000-7f1828021000 rw-p 00000000 00:00 0 
7f1828021000-7f182c000000 ---p 00000000 00:00 0 
7f182c000000-7f182c021000 rw-p 00000000 00:00 0 
7f182c021000-7f1830000000 ---p 00000000 00:00 0 
7f1830000000-7f1830021000 rw-p 00000000 00:00 0 
7f1830021000-7f1834000000 ---p 00000000 00:00 0 
7f1834000000-7f1834021000 rw-p 00000000 00:00 0 
7f1834021000-7f1838000000 ---p 00000000 00:00 0 
7f1838000000-7f1838021000 rw-p 00000000 00:00 0 
7f1838021000-7f183c000000 ---p 00000000 00:00 0 
7f183c000000-7f183c021000 rw-p 00000000 00:00 0 
7f183c021000-7f1840000000 ---p 00000000 00:00 0 
7f1840000000-7f1840021000 rw-p 00000000 00:00 0 
7f1840021000-7f1844000000 ---p 00000000 00:00 0 
7f1844000000-7f1844021000 rw-p 00000000 00:00 0 
7f1844021000-7f1848000000 ---p 00000000 00:00 0 
7f18480df000-7f18480e3000 ---p 00000000 00:00 0 
7f18480e3000-7f18481df000 rw-p 00000000 00:00 0 
7f18481df000-7f18481e3000 ---p 00000000 00:00 0 
7f18481e3000-7f18482df000 rw-p 00000000 00:00 0 
7f18482df000-7f18482e3000 ---p 00000000 00:00 0 
7f18482e3000-7f18483df000 rw-p 00000000 00:00 0 
7f18483df000-7f18483e3000 ---p 00000000 00:00 0 
7f18483e3000-7f18484df000 rw-p 00000000 00:00 0 
7f18484df000-7f18484e3000 ---p 00000000 00:00 0 
7f18484e3000-7f18485df000 rw-p 00000000 00:00 0 
7f18485df000-7f18485e3000 ---p 00000000 00:00 0 
7f18485e3000-7f18486df000 rw-p 00000000 00:00 0 
7f18486df000-7f18486e3000 ---p 00000000 00:00 0 
7f18486e3000-7f18487df000 rw-p 00000000 00:00 0 
7f18487df000-7f18487e0000 ---p 00000000 00:00 0 
7f18487e0000-7f1848ee0000 rw-p 00000000 00:00 0 
7f1848ee0000-7f18490e0000 ---p 00000000 00:00 0 
7f18490e0000-7f184b1d8000 rw-p 00000000 00:00 0 
7f184b1d8000-7f184bff8000 ---p 00000000 00:00 0 
7f184bff8000-7f184c000000 rw-p 00000000 00:00 0 
7f184c000000-7f184c021000 rw-p 00000000 00:00 0 
7f184c021000-7f1850000000 ---p 00000000 00:00 0 
7f18500fb000-7f18500fc000 ---p 00000000 00:00 0 
7f18500fc000-7f18501fc000 rw-p 00000000 00:00 0 
7f18501fc000-7f18501fd000 ---p 00000000 00:00 0 
7f18501fd000-7f1850600000 rw-p 00000000 00:00 0 
7f1850600000-7f1850870000 rwxp 00000000 00:00 0 
7f1850870000-7f1850b91000 ---p 00000000 00:00 0 
7f1850b91000-7f1850e01000 rwxp 00000000 00:00 0 
7f1850e01000-7f18580c8000 ---p 00000000 00:00 0 
7f18580c8000-7f1858338000 rwxp 00000000 00:00 0 
7f1858338000-7f185f600000 ---p 00000000 00:00 0 
7f185f600000-7f1867e30000 r--s 00000000 08:03 792168                     /usr/lib/jvm/java-11-openjdk-amd64/lib/modules
7f1867edb000-7f1867ee2000 r--p 00000000 08:03 1480114                    /home/richard/.javacpp/cache/llvm-13.0.1-1.5.7-linux-x86_64.jar/org/bytedeco/llvm/linux-x86_64/libLTO.so.13
7f1867ee2000-7f1867eea000 r-xp 00007000 08:03 1480114                    /home/richard/.javacpp/cache/llvm-13.0.1-1.5.7-linux-x86_64.jar/org/bytedeco/llvm/linux-x86_64/libLTO.so.13
7f1867eea000-7f1867eec000 r--p 0000f000 08:03 1480114                    /home/richard/.javacpp/cache/llvm-13.0.1-1.5.7-linux-x86_64.jar/org/bytedeco/llvm/linux-x86_64/libLTO.so.13
7f1867eec000-7f1867eed000 r--p 00010000 08:03 1480114                    /home/richard/.javacpp/cache/llvm-13.0.1-1.5.7-linux-x86_64.jar/org/bytedeco/llvm/linux-x86_64/libLTO.so.13
7f1867eed000-7f1867eee000 rw-p 00011000 08:03 1480114                    /home/richard/.javacpp/cache/llvm-13.0.1-1.5.7-linux-x86_64.jar/org/bytedeco/llvm/linux-x86_64/libLTO.so.13
7f1867eee000-7f1867ef2000 r--p 00000000 08:03 1480107                    /home/richard/.javacpp/cache/javacpp-1.5.7-linux-x86_64.jar/org/bytedeco/javacpp/linux-x86_64/libjnijavacpp.so
7f1867ef2000-7f1867ef9000 r-xp 00004000 08:03 1480107                    /home/richard/.javacpp/cache/javacpp-1.5.7-linux-x86_64.jar/org/bytedeco/javacpp/linux-x86_64/libjnijavacpp.so
7f1867ef9000-7f1867efd000 r--p 0000b000 08:03 1480107                    /home/richard/.javacpp/cache/javacpp-1.5.7-linux-x86_64.jar/org/bytedeco/javacpp/linux-x86_64/libjnijavacpp.so
7f1867efd000-7f1867efe000 r--p 0000e000 08:03 1480107                    /home/richard/.javacpp/cache/javacpp-1.5.7-linux-x86_64.jar/org/bytedeco/javacpp/linux-x86_64/libjnijavacpp.so
7f1867efe000-7f1867eff000 rw-p 0000f000 08:03 1480107                    /home/richard/.javacpp/cache/javacpp-1.5.7-linux-x86_64.jar/org/bytedeco/javacpp/linux-x86_64/libjnijavacpp.so
7f1867eff000-7f1868000000 rw-p 00000000 00:00 0 
7f1868000000-7f1868546000 rw-p 00000000 00:00 0 
7f1868546000-7f186c000000 ---p 00000000 00:00 0 
7f186c008000-7f186c009000 r--p 00000000 08:03 1480116                    /home/richard/.javacpp/cache/llvm-13.0.1-1.5.7-linux-x86_64.jar/org/bytedeco/llvm/linux-x86_64/libRemarks.so.13
7f186c009000-7f186c00a000 r-xp 00001000 08:03 1480116                    /home/richard/.javacpp/cache/llvm-13.0.1-1.5.7-linux-x86_64.jar/org/bytedeco/llvm/linux-x86_64/libRemarks.so.13
7f186c00a000-7f186c00b000 r--p 00002000 08:03 1480116                    /home/richard/.javacpp/cache/llvm-13.0.1-1.5.7-linux-x86_64.jar/org/bytedeco/llvm/linux-x86_64/libRemarks.so.13
7f186c00b000-7f186c00c000 r--p 00002000 08:03 1480116                    /home/richard/.javacpp/cache/llvm-13.0.1-1.5.7-linux-x86_64.jar/org/bytedeco/llvm/linux-x86_64/libRemarks.so.13
7f186c00c000-7f186c00d000 rw-p 00003000 08:03 1480116                    /home/richard/.javacpp/cache/llvm-13.0.1-1.5.7-linux-x86_64.jar/org/bytedeco/llvm/linux-x86_64/libRemarks.so.13
7f186c00d000-7f186c011000 r--p 00000000 08:03 792158                     /usr/lib/jvm/java-11-openjdk-amd64/lib/libnet.so
7f186c011000-7f186c01f000 r-xp 00004000 08:03 792158                     /usr/lib/jvm/java-11-openjdk-amd64/lib/libnet.so
7f186c01f000-7f186c023000 r--p 00012000 08:03 792158                     /usr/lib/jvm/java-11-openjdk-amd64/lib/libnet.so
7f186c023000-7f186c024000 r--p 00015000 08:03 792158                     /usr/lib/jvm/java-11-openjdk-amd64/lib/libnet.so
7f186c024000-7f186c025000 rw-p 00016000 08:03 792158                     /usr/lib/jvm/java-11-openjdk-amd64/lib/libnet.so
7f186c025000-7f186c429000 rw-p 00000000 00:00 0 
7f186c429000-7f186c42a000 ---p 00000000 00:00 0 
7f186c42a000-7f186c52a000 rw-p 00000000 00:00 0 
7f186c52a000-7f186c52b000 ---p 00000000 00:00 0 
7f186c52b000-7f186c723000 rw-p 00000000 00:00 0 
7f186c723000-7f186d543000 ---p 00000000 00:00 0 
7f186d543000-7f186d56a000 rw-p 00000000 00:00 0 
7f186d56a000-7f186d72e000 ---p 00000000 00:00 0 
7f186d72e000-7f186d74e000 rw-p 00000000 00:00 0 
7f186d74e000-7f186d912000 ---p 00000000 00:00 0 
7f186d912000-7f186d932000 rw-p 00000000 00:00 0 
7f186d932000-7f186daf6000 ---p 00000000 00:00 0 
7f186daf6000-7f186e2ff000 rw-p 00000000 00:00 0 
7f186e2ff000-7f186e300000 ---p 00000000 00:00 0 
7f186e300000-7f186e400000 rw-p 00000000 00:00 0 
7f186e400000-7f186ec78000 r--p 00000000 08:03 5113221                    /usr/lib/locale/locale-archive
7f186ec7b000-7f186ec7c000 r--p 00000000 08:03 5113998                    /usr/lib/x86_64-linux-gnu/libdl.so.2
7f186ec7c000-7f186ec7d000 r-xp 00001000 08:03 5113998                    /usr/lib/x86_64-linux-gnu/libdl.so.2
7f186ec7d000-7f186ec7e000 r--p 00002000 08:03 5113998                    /usr/lib/x86_64-linux-gnu/libdl.so.2
7f186ec7e000-7f186ec7f000 r--p 00002000 08:03 5113998                    /usr/lib/x86_64-linux-gnu/libdl.so.2
7f186ec7f000-7f186ec80000 rw-p 00003000 08:03 5113998                    /usr/lib/x86_64-linux-gnu/libdl.so.2
7f186ec80000-7f186ec87000 r--p 00000000 08:03 792159                     /usr/lib/jvm/java-11-openjdk-amd64/lib/libnio.so
7f186ec87000-7f186ec8f000 r-xp 00007000 08:03 792159                     /usr/lib/jvm/java-11-openjdk-amd64/lib/libnio.so
7f186ec8f000-7f186ec92000 r--p 0000f000 08:03 792159                     /usr/lib/jvm/java-11-openjdk-amd64/lib/libnio.so
7f186ec92000-7f186ec93000 r--p 00011000 08:03 792159                     /usr/lib/jvm/java-11-openjdk-amd64/lib/libnio.so
7f186ec93000-7f186ec94000 rw-p 00012000 08:03 792159                     /usr/lib/jvm/java-11-openjdk-amd64/lib/libnio.so
7f186ec94000-7f186ed1a000 rw-p 00000000 00:00 0 
7f186ed1a000-7f186ee00000 ---p 00000000 00:00 0 
7f186ee00000-7f186ee9a000 r--p 00000000 08:03 5140542                    /usr/lib/x86_64-linux-gnu/libstdc++.so.6.0.30
7f186ee9a000-7f186efab000 r-xp 0009a000 08:03 5140542                    /usr/lib/x86_64-linux-gnu/libstdc++.so.6.0.30
7f186efab000-7f186f01a000 r--p 001ab000 08:03 5140542                    /usr/lib/x86_64-linux-gnu/libstdc++.so.6.0.30
7f186f01a000-7f186f01b000 ---p 0021a000 08:03 5140542                    /usr/lib/x86_64-linux-gnu/libstdc++.so.6.0.30
7f186f01b000-7f186f026000 r--p 0021a000 08:03 5140542                    /usr/lib/x86_64-linux-gnu/libstdc++.so.6.0.30
7f186f026000-7f186f029000 rw-p 00225000 08:03 5140542                    /usr/lib/x86_64-linux-gnu/libstdc++.so.6.0.30
7f186f029000-7f186f02c000 rw-p 00000000 00:00 0 
7f186f02d000-7f186f02f000 r--p 00000000 08:03 792139                     /usr/lib/jvm/java-11-openjdk-amd64/lib/libdt_socket.so
7f186f02f000-7f186f032000 r-xp 00002000 08:03 792139                     /usr/lib/jvm/java-11-openjdk-amd64/lib/libdt_socket.so
7f186f032000-7f186f033000 r--p 00005000 08:03 792139                     /usr/lib/jvm/java-11-openjdk-amd64/lib/libdt_socket.so
7f186f033000-7f186f034000 ---p 00006000 08:03 792139                     /usr/lib/jvm/java-11-openjdk-amd64/lib/libdt_socket.so
7f186f034000-7f186f035000 r--p 00006000 08:03 792139                     /usr/lib/jvm/java-11-openjdk-amd64/lib/libdt_socket.so
7f186f035000-7f186f036000 rw-p 00007000 08:03 792139                     /usr/lib/jvm/java-11-openjdk-amd64/lib/libdt_socket.so
7f186f036000-7f186f03d000 r--s 00000000 08:03 5120867                    /usr/lib/x86_64-linux-gnu/gconv/gconv-modules.cache
7f186f03d000-7f186f0dc000 rw-p 00000000 00:00 0 
7f186f0dc000-7f186f1c2000 ---p 00000000 00:00 0 
7f186f1c2000-7f186f1c4000 r--p 00000000 08:03 792149                     /usr/lib/jvm/java-11-openjdk-amd64/lib/libjdwp.so
7f186f1c4000-7f186f1f0000 r-xp 00002000 08:03 792149                     /usr/lib/jvm/java-11-openjdk-amd64/lib/libjdwp.so
7f186f1f0000-7f186f1fe000 r--p 0002e000 08:03 792149                     /usr/lib/jvm/java-11-openjdk-amd64/lib/libjdwp.so
7f186f1fe000-7f186f1ff000 r--p 0003b000 08:03 792149                     /usr/lib/jvm/java-11-openjdk-amd64/lib/libjdwp.so
7f186f1ff000-7f186f200000 rw-p 0003c000 08:03 792149                     /usr/lib/jvm/java-11-openjdk-amd64/lib/libjdwp.so
7f186f200000-7f186f482000 r--p 00000000 08:03 792171                     /usr/lib/jvm/java-11-openjdk-amd64/lib/server/libjvm.so
7f186f482000-7f1870120000 r-xp 00282000 08:03 792171                     /usr/lib/jvm/java-11-openjdk-amd64/lib/server/libjvm.so
7f1870120000-7f187037c000 r--p 00f20000 08:03 792171                     /usr/lib/jvm/java-11-openjdk-amd64/lib/server/libjvm.so
7f187037c000-7f1870440000 r--p 0117b000 08:03 792171                     /usr/lib/jvm/java-11-openjdk-amd64/lib/server/libjvm.so
7f1870440000-7f187047b000 rw-p 0123f000 08:03 792171                     /usr/lib/jvm/java-11-openjdk-amd64/lib/server/libjvm.so
7f187047b000-7f18704d2000 rw-p 00000000 00:00 0 
7f18704d5000-7f18704da000 rw-p 00000000 00:00 0 
7f18704da000-7f18704e1000 ---p 00000000 00:00 0 
7f18704e1000-7f18704e7000 r--s 000f8000 08:03 662382                     /usr/local/IDEA/idea-IU-233.15026.9/plugins/java/lib/rt/debugger-agent.jar
7f18704e7000-7f18704e9000 r--p 00000000 08:03 792167                     /usr/lib/jvm/java-11-openjdk-amd64/lib/libzip.so
7f18704e9000-7f18704ee000 r-xp 00002000 08:03 792167                     /usr/lib/jvm/java-11-openjdk-amd64/lib/libzip.so
7f18704ee000-7f18704f0000 r--p 00007000 08:03 792167                     /usr/lib/jvm/java-11-openjdk-amd64/lib/libzip.so
7f18704f0000-7f18704f1000 r--p 00008000 08:03 792167                     /usr/lib/jvm/java-11-openjdk-amd64/lib/libzip.so
7f18704f1000-7f18704f2000 rw-p 00009000 08:03 792167                     /usr/lib/jvm/java-11-openjdk-amd64/lib/libzip.so
7f18704f2000-7f18704f4000 r--p 00000000 08:03 792142                     /usr/lib/jvm/java-11-openjdk-amd64/lib/libinstrument.so
7f18704f4000-7f18704fb000 r-xp 00002000 08:03 792142                     /usr/lib/jvm/java-11-openjdk-amd64/lib/libinstrument.so
7f18704fb000-7f18704fe000 r--p 00009000 08:03 792142                     /usr/lib/jvm/java-11-openjdk-amd64/lib/libinstrument.so
7f18704fe000-7f18704ff000 r--p 0000b000 08:03 792142                     /usr/lib/jvm/java-11-openjdk-amd64/lib/libinstrument.so
7f18704ff000-7f1870500000 rw-p 0000c000 08:03 792142                     /usr/lib/jvm/java-11-openjdk-amd64/lib/libinstrument.so
7f1870500000-7f1870504000 ---p 00000000 00:00 0 
7f1870504000-7f1870600000 rw-p 00000000 00:00 0 
7f1870600000-7f1870628000 r--p 00000000 08:03 5113979                    /usr/lib/x86_64-linux-gnu/libc.so.6
7f1870628000-7f18707bd000 r-xp 00028000 08:03 5113979                    /usr/lib/x86_64-linux-gnu/libc.so.6
7f18707bd000-7f1870815000 r--p 001bd000 08:03 5113979                    /usr/lib/x86_64-linux-gnu/libc.so.6
7f1870815000-7f1870816000 ---p 00215000 08:03 5113979                    /usr/lib/x86_64-linux-gnu/libc.so.6
7f1870816000-7f187081a000 r--p 00215000 08:03 5113979                    /usr/lib/x86_64-linux-gnu/libc.so.6
7f187081a000-7f187081c000 rw-p 00219000 08:03 5113979                    /usr/lib/x86_64-linux-gnu/libc.so.6
7f187081c000-7f1870829000 rw-p 00000000 00:00 0 
7f1870829000-7f1870831000 rw-s 00000000 08:03 4325415                    /tmp/hsperfdata_richard/14056
7f1870831000-7f187083f000 r--p 00000000 08:03 792147                     /usr/lib/jvm/java-11-openjdk-amd64/lib/libjava.so
7f187083f000-7f1870855000 r-xp 0000e000 08:03 792147                     /usr/lib/jvm/java-11-openjdk-amd64/lib/libjava.so
7f1870855000-7f187085c000 r--p 00024000 08:03 792147                     /usr/lib/jvm/java-11-openjdk-amd64/lib/libjava.so
7f187085c000-7f187085d000 r--p 0002a000 08:03 792147                     /usr/lib/jvm/java-11-openjdk-amd64/lib/libjava.so
7f187085d000-7f187085e000 rw-p 0002b000 08:03 792147                     /usr/lib/jvm/java-11-openjdk-amd64/lib/libjava.so
7f187085e000-7f187085f000 rw-p 00000000 00:00 0 
7f187085f000-7f1870864000 r--p 00000000 08:03 792166                     /usr/lib/jvm/java-11-openjdk-amd64/lib/libverify.so
7f1870864000-7f187086b000 r-xp 00005000 08:03 792166                     /usr/lib/jvm/java-11-openjdk-amd64/lib/libverify.so
7f187086b000-7f187086d000 r--p 0000c000 08:03 792166                     /usr/lib/jvm/java-11-openjdk-amd64/lib/libverify.so
7f187086d000-7f187086f000 r--p 0000d000 08:03 792166                     /usr/lib/jvm/java-11-openjdk-amd64/lib/libverify.so
7f187086f000-7f1870870000 rw-p 0000f000 08:03 792166                     /usr/lib/jvm/java-11-openjdk-amd64/lib/libverify.so
7f1870870000-7f1870871000 r--p 00000000 08:03 5114037                    /usr/lib/x86_64-linux-gnu/librt.so.1
7f1870871000-7f1870872000 r-xp 00001000 08:03 5114037                    /usr/lib/x86_64-linux-gnu/librt.so.1
7f1870872000-7f1870873000 r--p 00002000 08:03 5114037                    /usr/lib/x86_64-linux-gnu/librt.so.1
7f1870873000-7f1870874000 r--p 00002000 08:03 5114037                    /usr/lib/x86_64-linux-gnu/librt.so.1
7f1870874000-7f1870875000 rw-p 00003000 08:03 5114037                    /usr/lib/x86_64-linux-gnu/librt.so.1
7f1870875000-7f1870878000 r--p 00000000 08:03 5139754                    /usr/lib/x86_64-linux-gnu/libgcc_s.so.1
7f1870878000-7f187088f000 r-xp 00003000 08:03 5139754                    /usr/lib/x86_64-linux-gnu/libgcc_s.so.1
7f187088f000-7f1870893000 r--p 0001a000 08:03 5139754                    /usr/lib/x86_64-linux-gnu/libgcc_s.so.1
7f1870893000-7f1870894000 r--p 0001d000 08:03 5139754                    /usr/lib/x86_64-linux-gnu/libgcc_s.so.1
7f1870894000-7f1870895000 rw-p 0001e000 08:03 5139754                    /usr/lib/x86_64-linux-gnu/libgcc_s.so.1
7f1870895000-7f18708a3000 r--p 00000000 08:03 5114002                    /usr/lib/x86_64-linux-gnu/libm.so.6
7f18708a3000-7f187091f000 r-xp 0000e000 08:03 5114002                    /usr/lib/x86_64-linux-gnu/libm.so.6
7f187091f000-7f187097a000 r--p 0008a000 08:03 5114002                    /usr/lib/x86_64-linux-gnu/libm.so.6
7f187097a000-7f187097b000 r--p 000e4000 08:03 5114002                    /usr/lib/x86_64-linux-gnu/libm.so.6
7f187097b000-7f187097c000 rw-p 000e5000 08:03 5114002                    /usr/lib/x86_64-linux-gnu/libm.so.6
7f187097c000-7f187097f000 rw-p 00000000 00:00 0 
7f187097f000-7f1870982000 r--p 00000000 08:03 792132                     /usr/lib/jvm/java-11-openjdk-amd64/lib/jli/libjli.so
7f1870982000-7f187098c000 r-xp 00003000 08:03 792132                     /usr/lib/jvm/java-11-openjdk-amd64/lib/jli/libjli.so
7f187098c000-7f187098f000 r--p 0000d000 08:03 792132                     /usr/lib/jvm/java-11-openjdk-amd64/lib/jli/libjli.so
7f187098f000-7f1870990000 ---p 00010000 08:03 792132                     /usr/lib/jvm/java-11-openjdk-amd64/lib/jli/libjli.so
7f1870990000-7f1870991000 r--p 00010000 08:03 792132                     /usr/lib/jvm/java-11-openjdk-amd64/lib/jli/libjli.so
7f1870991000-7f1870992000 rw-p 00011000 08:03 792132                     /usr/lib/jvm/java-11-openjdk-amd64/lib/jli/libjli.so
7f1870992000-7f1870994000 r--p 00000000 08:03 5140813                    /usr/lib/x86_64-linux-gnu/libz.so.1.2.11
7f1870994000-7f18709a5000 r-xp 00002000 08:03 5140813                    /usr/lib/x86_64-linux-gnu/libz.so.1.2.11
7f18709a5000-7f18709ab000 r--p 00013000 08:03 5140813                    /usr/lib/x86_64-linux-gnu/libz.so.1.2.11
7f18709ab000-7f18709ac000 ---p 00019000 08:03 5140813                    /usr/lib/x86_64-linux-gnu/libz.so.1.2.11
7f18709ac000-7f18709ad000 r--p 00019000 08:03 5140813                    /usr/lib/x86_64-linux-gnu/libz.so.1.2.11
7f18709ad000-7f18709ae000 rw-p 0001a000 08:03 5140813                    /usr/lib/x86_64-linux-gnu/libz.so.1.2.11
7f18709ae000-7f18709af000 r--p 00000000 08:03 5114033                    /usr/lib/x86_64-linux-gnu/libpthread.so.0
7f18709af000-7f18709b0000 r-xp 00001000 08:03 5114033                    /usr/lib/x86_64-linux-gnu/libpthread.so.0
7f18709b0000-7f18709b1000 r--p 00002000 08:03 5114033                    /usr/lib/x86_64-linux-gnu/libpthread.so.0
7f18709b1000-7f18709b2000 r--p 00002000 08:03 5114033                    /usr/lib/x86_64-linux-gnu/libpthread.so.0
7f18709b2000-7f18709b3000 rw-p 00003000 08:03 5114033                    /usr/lib/x86_64-linux-gnu/libpthread.so.0
7f18709b3000-7f18709b4000 ---p 00000000 00:00 0 
7f18709b4000-7f18709b5000 r--p 00000000 00:00 0 
7f18709b5000-7f18709b7000 r--p 00000000 08:03 792150                     /usr/lib/jvm/java-11-openjdk-amd64/lib/libjimage.so
7f18709b7000-7f18709ba000 r-xp 00002000 08:03 792150                     /usr/lib/jvm/java-11-openjdk-amd64/lib/libjimage.so
7f18709ba000-7f18709bb000 r--p 00005000 08:03 792150                     /usr/lib/jvm/java-11-openjdk-amd64/lib/libjimage.so
7f18709bb000-7f18709bc000 ---p 00006000 08:03 792150                     /usr/lib/jvm/java-11-openjdk-amd64/lib/libjimage.so
7f18709bc000-7f18709bd000 r--p 00006000 08:03 792150                     /usr/lib/jvm/java-11-openjdk-amd64/lib/libjimage.so
7f18709bd000-7f18709be000 rw-p 00007000 08:03 792150                     /usr/lib/jvm/java-11-openjdk-amd64/lib/libjimage.so
7f18709be000-7f18709c0000 rw-p 00000000 00:00 0 
7f18709c0000-7f18709c2000 r--p 00000000 08:03 5113952                    /usr/lib/x86_64-linux-gnu/ld-linux-x86-64.so.2
7f18709c2000-7f18709ec000 r-xp 00002000 08:03 5113952                    /usr/lib/x86_64-linux-gnu/ld-linux-x86-64.so.2
7f18709ec000-7f18709f7000 r--p 0002c000 08:03 5113952                    /usr/lib/x86_64-linux-gnu/ld-linux-x86-64.so.2
7f18709f8000-7f18709fa000 r--p 00037000 08:03 5113952                    /usr/lib/x86_64-linux-gnu/ld-linux-x86-64.so.2
7f18709fa000-7f18709fc000 rw-p 00039000 08:03 5113952                    /usr/lib/x86_64-linux-gnu/ld-linux-x86-64.so.2
7fffbdfd4000-7fffbdff5000 rw-p 00000000 00:00 0                          [stack]
7fffbdff5000-7fffbdff9000 r--p 00000000 00:00 0                          [vvar]
7fffbdff9000-7fffbdffb000 r-xp 00000000 00:00 0                          [vdso]
ffffffffff600000-ffffffffff601000 --xp 00000000 00:00 0                  [vsyscall]


VM Arguments:
jvm_args: -agentlib:jdwp=transport=dt_socket,address=127.0.0.1:55881,suspend=y,server=n -javaagent:/usr/local/IDEA/idea-IU-233.15026.9/plugins/java/lib/rt/debugger-agent.jar -Dfile.encoding=UTF-8 
java_command: Main /home/richard/Lab/tests/test1.sysy /home/richard/Lab/tests/test.asm
java_class_path (initial): /home/richard/Lab/out/production/Lab:/usr/local/lib/antlr-4.9.1-complete.jar:/usr/local/lib/javacpp-1.5.7-linux-x86_64.jar:/usr/local/lib/javacpp-1.5.7.jar:/usr/local/lib/llvm-13.0.1-1.5.7-linux-x86_64.jar:/usr/local/lib/llvm-13.0.1-1.5.7.jar:/usr/local/lib/llvm-platform-13.0.1-1.5.7.jar:/usr/local/IDEA/idea-IU-233.15026.9/lib/idea_rt.jar
Launcher Type: SUN_STANDARD

[Global flags]
     intx CICompilerCount                          = 4                                         {product} {ergonomic}
     uint ConcGCThreads                            = 2                                         {product} {ergonomic}
     uint G1ConcRefinementThreads                  = 8                                         {product} {ergonomic}
   size_t G1HeapRegionSize                         = 1048576                                   {product} {ergonomic}
    uintx GCDrainStackTargetSize                   = 64                                        {product} {ergonomic}
   size_t InitialHeapSize                          = 65011712                                  {product} {ergonomic}
   size_t MarkStackSize                            = 4194304                                   {product} {ergonomic}
   size_t MaxHeapSize                              = 1015021568                                {product} {ergonomic}
   size_t MaxNewSize                               = 608174080                                 {product} {ergonomic}
   size_t MinHeapDeltaBytes                        = 1048576                                   {product} {ergonomic}
    uintx NonNMethodCodeHeapSize                   = 5836300                                {pd product} {ergonomic}
    uintx NonProfiledCodeHeapSize                  = 122910970                              {pd product} {ergonomic}
    uintx ProfiledCodeHeapSize                     = 122910970                              {pd product} {ergonomic}
    uintx ReservedCodeCacheSize                    = 251658240                              {pd product} {ergonomic}
     bool SegmentedCodeCache                       = true                                      {product} {ergonomic}
     bool UseCompressedClassPointers               = true                                 {lp64_product} {ergonomic}
     bool UseCompressedOops                        = true                                 {lp64_product} {ergonomic}
     bool UseG1GC                                  = true                                      {product} {ergonomic}

Logging:
Log output configuration:
 #0: stdout all=warning uptime,level,tags
 #1: stderr all=off uptime,level,tags

Environment Variables:
PATH=/usr/local/sbin:/usr/local/bin:/usr/sbin:/usr/bin:/sbin:/bin:/usr/games:/usr/local/games:/snap/bin:/snap/bin
USERNAME=richard
SHELL=/bin/bash
DISPLAY=:0
LANG=zh_CN.UTF-8
LC_NUMERIC=zh_CN.UTF-8
LC_TIME=zh_CN.UTF-8

Signal Handlers:
SIGSEGV: [libjvm.so+0xeadc00], sa_mask[0]=11111111011111111101111111111110, sa_flags=SA_RESTART|SA_SIGINFO
SIGBUS: [libjvm.so+0xeadc00], sa_mask[0]=11111111011111111101111111111110, sa_flags=SA_RESTART|SA_SIGINFO
SIGFPE: [libjvm.so+0xeadc00], sa_mask[0]=11111111011111111101111111111110, sa_flags=SA_RESTART|SA_SIGINFO
SIGPIPE: [libjvm.so+0xbeff10], sa_mask[0]=11111111011111111101111111111110, sa_flags=SA_RESTART|SA_SIGINFO
SIGXFSZ: [libjvm.so+0xbeff10], sa_mask[0]=11111111011111111101111111111110, sa_flags=SA_RESTART|SA_SIGINFO
SIGILL: [libjvm.so+0xeadc00], sa_mask[0]=11111111011111111101111111111110, sa_flags=SA_RESTART|SA_SIGINFO
SIGUSR2: [libjvm.so+0xbefdb0], sa_mask[0]=00100000000000000000000000000000, sa_flags=SA_RESTART|SA_SIGINFO
SIGHUP: [libjvm.so+0xbf0570], sa_mask[0]=11111111011111111101111111111110, sa_flags=SA_RESTART|SA_SIGINFO
SIGINT: [libjvm.so+0xbf0570], sa_mask[0]=11111111011111111101111111111110, sa_flags=SA_RESTART|SA_SIGINFO
SIGTERM: [libjvm.so+0xbf0570], sa_mask[0]=11111111011111111101111111111110, sa_flags=SA_RESTART|SA_SIGINFO
SIGQUIT: [libjvm.so+0xbf0570], sa_mask[0]=11111111011111111101111111111110, sa_flags=SA_RESTART|SA_SIGINFO


---------------  S Y S T E M  ---------------

OS:DISTRIB_ID=Ubuntu
DISTRIB_RELEASE=22.04
DISTRIB_CODENAME=jammy
DISTRIB_DESCRIPTION="Ubuntu 22.04.4 LTS"
uname:Linux 6.5.0-41-generic #41~22.04.2-Ubuntu SMP PREEMPT_DYNAMIC Mon Jun  3 11:32:55 UTC 2 x86_64
OS uptime: 0 days 3:51 hours
libc:glibc 2.35 NPTL 2.35 
rlimit (soft/hard): STACK 8192k/infinity , CORE 0k/infinity , NPROC 15180/15180 , NOFILE 1048576/1048576 , AS infinity/infinity , CPU infinity/infinity , DATA infinity/infinity , FSIZE infinity/infinity , MEMLOCK 495440k/495440k
load average:0.88 0.75 0.62

/proc/meminfo:
MemTotal:        3963548 kB
MemFree:          159972 kB
MemAvailable:     363264 kB
Buffers:            7772 kB
Cached:           367884 kB
SwapCached:        63856 kB
Active:          1351296 kB
Inactive:        1704980 kB
Active(anon):    1222936 kB
Inactive(anon):  1458100 kB
Active(file):     128360 kB
Inactive(file):   246880 kB
Unevictable:          16 kB
Mlocked:              16 kB
SwapTotal:       3991548 kB
SwapFree:        1560184 kB
Zswap:                 0 kB
Zswapped:              0 kB
Dirty:               116 kB
Writeback:             0 kB
AnonPages:       2630496 kB
Mapped:           198652 kB
Shmem:               408 kB
KReclaimable:      64996 kB
Slab:             226824 kB
SReclaimable:      64996 kB
SUnreclaim:       161828 kB
KernelStack:       19488 kB
PageTables:        35112 kB
SecPageTables:         0 kB
NFS_Unstable:          0 kB
Bounce:                0 kB
WritebackTmp:          0 kB
CommitLimit:     5973320 kB
Committed_AS:    8281100 kB
VmallocTotal:   34359738367 kB
VmallocUsed:       48604 kB
VmallocChunk:          0 kB
Percpu:            95232 kB
HardwareCorrupted:     0 kB
AnonHugePages:         0 kB
ShmemHugePages:        0 kB
ShmemPmdMapped:        0 kB
FileHugePages:         0 kB
FilePmdMapped:         0 kB
Unaccepted:            0 kB
HugePages_Total:       0
HugePages_Free:        0
HugePages_Rsvd:        0
HugePages_Surp:        0
Hugepagesize:       2048 kB
Hugetlb:               0 kB
DirectMap4k:      153408 kB
DirectMap2M:     2992128 kB
DirectMap1G:     3145728 kB

/sys/kernel/mm/transparent_hugepage/enabled:
always [madvise] never
/sys/kernel/mm/transparent_hugepage/defrag (defrag/compaction efforts parameter):
always defer defer+madvise [madvise] never

Process Memory:
Virtual Size: 4013992K (peak: 12395580K)
Resident Set Size: 104152K (peak: 104152K) (anon: 46808K, file: 57344K, shmem: 0K)
Swapped out: 0K
C-Heap outstanding allocations: 25862K, retained: 8265K
glibc malloc tunables: (default)

/proc/sys/kernel/threads-max (system-wide limit on the number of threads):
30361
/proc/sys/vm/max_map_count (maximum number of memory map areas a process may have):
65530
/proc/sys/kernel/pid_max (system-wide limit on number of process identifiers):
4194304

container (cgroup) information:
container_type: cgroupv2
cpu_cpuset_cpus: not supported
cpu_memory_nodes: not supported
active_processor_count: 8
cpu_quota: not supported
cpu_period: not supported
cpu_shares: not supported
memory_limit_in_bytes: unlimited
memory_and_swap_limit_in_bytes: unlimited
memory_soft_limit_in_bytes: unlimited
memory_usage_in_bytes: 2755800 k
memory_max_usage_in_bytes: not supported
memory_swap_current_in_bytes: 1624676 k
memory_swap_max_limit_in_bytes: unlimited
maximum number of tasks: 4554
current number of tasks: 239

VMWare virtualization detected
Steal ticks since vm start: 0
Steal ticks percentage since vm start:  0.000

CPU:total 8 (initial active 8) (1 cores per cpu, 1 threads per core) family 6 model 191 stepping 2 microcode 0xffffffff, cmov, cx8, fxsr, mmx, sse, sse2, sse3, ssse3, sse4.1, sse4.2, popcnt, avx, avx2, aes, clmul, erms, 3dnowpref, lzcnt, tsc, tscinvbit, bmi1, bmi2, adx, sha, fma
CPU Model and flags from /proc/cpuinfo:
model name	: 13th Gen Intel(R) Core(TM) i5-13500HX
flags		: fpu vme de pse tsc msr pae mce cx8 apic sep mtrr pge mca cmov pat pse36 clflush mmx fxsr sse sse2 ss syscall nx pdpe1gb rdtscp lm constant_tsc arch_perfmon rep_good nopl xtopology tsc_reliable nonstop_tsc cpuid tsc_known_freq pni pclmulqdq ssse3 fma cx16 sse4_1 sse4_2 x2apic movbe popcnt aes xsave avx f16c rdrand hypervisor lahf_lm abm 3dnowprefetch pti ssbd ibrs ibpb stibp fsgsbase tsc_adjust bmi1 avx2 smep bmi2 erms invpcid rdseed adx smap clflushopt clwb sha_ni xsaveopt xsavec xgetbv1 xsaves arat umip gfni vaes vpclmulqdq rdpid fsrm md_clear flush_l1d arch_capabilities
Online cpus:
0-7
Offline cpus:
8-127
BIOS frequency limitation:
<Not Available>
Frequency switch latency (ns):
<Not Available>
Available cpu frequencies:
<Not Available>
Current governor:
<Not Available>
Core performance/turbo boost:
<Not Available>

Memory: 4k page, physical 3963548k(159972k free), swap 3991548k(1560184k free)

vm_info: OpenJDK 64-Bit Server VM (11.0.23+9-post-Ubuntu-1ubuntu122.04.1) for linux-amd64 JRE (11.0.23+9-post-Ubuntu-1ubuntu122.04.1), built on May 30 2024 05:25:53 by "unknown" with gcc 11.4.0

END.
